<?xml version="1.0" encoding="UTF-8"?>
<!-- Generated by org.testng.reporters.JUnitXMLReporter -->
<testsuite ignored="1" hostname="DESKTOP-5D6U02T" failures="0" tests="3" name="SmokeTests" time="4.941" errors="0" timestamp="2026-08-06T23:43:02 IST">
  <testcase classname="com.utilitytest.AdactinHotel" name="adactinLogin" time="1.053"/>
  <testcase classname="com.utilitytest.AdactinHotel" name="validateUser" time="0.072"/>
  <testcase classname="com.utilitytest.AdactinHotel" name="validateListOrder" time="0.193"/>
  <testcase classname="com.utilitytest.AdactinHotel" name="validateLocation" time="0.0">
    <ignored/>
  </testcase> <!-- validateLocation -->
</testsuite> <!-- SmokeTests -->
